2024-02-22 18:08:52.057 | INFO     | base.base_class:get_current_url:19 - Current url: https://nk.ru/im/
2024-02-22 18:08:52.160 | INFO     | pages.main_page:click_button_catalog:36 - Clicked button catalog
2024-02-22 18:08:52.241 | INFO     | pages.main_page:click_link_home_tech:40 - Clicked link home tech
2024-02-22 18:08:56.950 | INFO     | pages.main_page:click_link_washers:44 - Clicked link_washers
2024-02-22 18:08:56.955 | INFO     | base.base_class:get_current_url:19 - Current url: https://nk.ru/im/r5/g56/
2024-02-22 18:08:57.536 | INFO     | pages.washers_page:move_price_down:69 - Moved priceDown -> up
2024-02-22 18:08:58.137 | INFO     | pages.washers_page:move_price_up:74 - Moved priceUp -> down
2024-02-22 18:08:59.207 | INFO     | pages.washers_page:click_filter_manufacturer:78 - Clicked filter manufacturer
2024-02-22 18:09:00.494 | INFO     | base.base_class:hover_element:44 - Hover element
2024-02-22 18:09:00.794 | INFO     | base.base_class:hover_element:44 - Hover element
2024-02-22 18:09:00.856 | INFO     | pages.washers_page:click_made_samsung:84 - Clicked manufacturer - Samsung
2024-02-22 18:09:02.909 | INFO     | pages.washers_page:click_filter_type_loading:88 - Clicked filter type_loading
2024-02-22 18:09:03.968 | INFO     | pages.washers_page:click_type_loading_front:92 - Clicked type_loading - front
2024-02-22 18:09:05.265 | INFO     | base.base_class:hover_element:44 - Hover element
2024-02-22 18:09:10.048 | INFO     | pages.washers_page:click_button_submit:97 - Clicked button submit
2024-02-22 18:09:15.173 | INFO     | base.base_class:get_screenshot:33 - Screenshot ready 2024-02-22_18-09-15.png
2024-02-22 18:09:21.613 | INFO     | pages.washers_page:click_card_washer:101 - Clicked card washing machine
2024-02-22 18:09:22.619 | INFO     | base.base_class:get_current_url:19 - Current url: https://nk.ru/im/r5/g56/129248/
2024-02-22 18:09:22.653 | INFO     | pages.card_page:check_name_washer:45 - Название: СтиральнаямашинаSamsungWW70J6210DW/LD
2024-02-22 18:09:22.682 | INFO     | pages.card_page:check_price_washer:50 - ['47', '990', 'руб.']
2024-02-22 18:09:22.682 | INFO     | pages.card_page:check_price_washer:52 - Цена: 47990
2024-02-22 18:09:22.820 | INFO     | base.base_class:get_screenshot:33 - Screenshot ready 2024-02-22_18-09-22.png
2024-02-22 18:09:22.873 | INFO     | pages.card_page:click_button_to_cart:57 - Clicked button to cart
2024-02-22 18:09:26.433 | INFO     | pages.card_page:click_modal_button_order:65 - Clicked modal button order. Go to basket page
2024-02-22 18:09:26.438 | INFO     | base.base_class:get_current_url:19 - Current url: https://nk.ru/im/cart/
2024-02-22 18:09:26.472 | INFO     | pages.basket_page:check_basket_name_washer:63 - Название: СтиральнаямашинаSamsungWW70J6210DW/LD
2024-02-22 18:09:26.503 | INFO     | pages.basket_page:check_basket_price_washer:68 - Цена: 47990
2024-02-22 18:09:26.532 | INFO     | pages.basket_page:check_total_sum:73 - Общая сумма заказа: 47990
2024-02-22 18:09:26.533 | INFO     | pages.basket_page:check_name:78 - Name product from catalog is equal to name in basket
2024-02-22 18:09:26.533 | INFO     | pages.basket_page:check_price:82 - Price product from catalog is equal to price in basket
2024-02-22 18:09:26.533 | INFO     | pages.basket_page:check_order:86 - Sum of order match with product price in catalog
2024-02-22 18:09:28.232 | INFO     | pages.basket_page:input__name:90 - Input first name is Михалыч
2024-02-22 18:09:29.312 | INFO     | pages.basket_page:input__phone:94 - Input phone is 4212333451
2024-02-22 18:09:30.395 | INFO     | pages.basket_page:input__email:98 - Input email is michael@samoha.com
2024-02-22 18:09:31.456 | INFO     | pages.basket_page:how_delivery_order:102 - Method delivery order is shop
2024-02-22 18:09:32.751 | INFO     | base.base_class:hover_element:44 - Hover element
2024-02-22 18:09:32.803 | INFO     | pages.basket_page:how_payment_order:107 - Method payment order by bank card
2024-02-22 18:09:33.924 | INFO     | base.base_class:get_screenshot:33 - Screenshot ready 2024-02-22_18-09-33.png
